2021-11-27 12:09:21,299 INFO:  ==================================================
2021-11-27 12:09:21,318 INFO:  Finish the PolicySpace Analysis.
2021-11-27 12:09:21,747 INFO:  We have 432/753 for the rule .\pc_plat\rule_trace\rules\origin\acl1
2021-11-27 12:09:21,748 INFO:  The time runs for 0.44899606704711914s
2021-11-27 12:09:21,768 INFO:  ==================================================
2021-11-27 12:09:21,770 INFO:  Finish the PolicySpace Analysis.
2021-11-27 12:09:21,780 INFO:  We have 82/99 for the rule .\pc_plat\rule_trace\rules\origin\acl1_100
2021-11-27 12:09:21,780 INFO:  The time runs for 0.010998964309692383s
2021-11-27 12:09:23,245 INFO:  ==================================================
2021-11-27 12:09:23,491 INFO:  Finish the PolicySpace Analysis.
2021-11-27 12:10:59,131 INFO:  We have 8094/9603 for the rule .\pc_plat\rule_trace\rules\origin\acl1_10K
2021-11-27 12:10:59,132 INFO:  The time runs for 95.88551163673401s
2021-11-27 12:10:59,325 INFO:  ==================================================
2021-11-27 12:10:59,347 INFO:  Finish the PolicySpace Analysis.
2021-11-27 12:11:00,050 INFO:  We have 763/917 for the rule .\pc_plat\rule_trace\rules\origin\acl1_1K
2021-11-27 12:11:00,051 INFO:  The time runs for 0.7250120639801025s
2021-11-27 12:11:00,691 INFO:  ==================================================
2021-11-27 12:11:00,845 INFO:  Finish the PolicySpace Analysis.
2021-11-27 12:11:18,863 INFO:  We have 3653/4415 for the rule .\pc_plat\rule_trace\rules\origin\acl1_5K
2021-11-27 12:11:18,864 INFO:  The time runs for 18.17199993133545s
2021-11-27 12:11:18,909 INFO:  ==================================================
2021-11-27 12:11:18,914 INFO:  Finish the PolicySpace Analysis.
2021-11-27 12:11:18,941 INFO:  We have 31/270 for the rule .\pc_plat\rule_trace\rules\origin\fw1
2021-11-27 12:11:18,943 INFO:  The time runs for 0.03197884559631348s
2021-11-27 12:11:18,960 INFO:  ==================================================
2021-11-27 12:11:18,965 INFO:  Finish the PolicySpace Analysis.
2021-11-27 12:11:18,974 INFO:  We have 57/93 for the rule .\pc_plat\rule_trace\rules\origin\fw1_100
2021-11-27 12:11:18,975 INFO:  The time runs for 0.013981342315673828s
2021-11-27 12:11:20,462 INFO:  ==================================================
2021-11-27 12:11:20,721 INFO:  Finish the PolicySpace Analysis.
2021-11-27 12:12:43,184 INFO:  We have 5410/9311 for the rule .\pc_plat\rule_trace\rules\origin\fw1_10K
2021-11-27 12:12:43,185 INFO:  The time runs for 82.72300028800964s
2021-11-27 12:12:43,301 INFO:  ==================================================
2021-11-27 12:12:43,318 INFO:  Finish the PolicySpace Analysis.
2021-11-27 12:12:43,827 INFO:  We have 435/792 for the rule .\pc_plat\rule_trace\rules\origin\fw1_1K
2021-11-27 12:12:43,828 INFO:  The time runs for 0.5259995460510254s
2021-11-27 12:12:44,587 INFO:  ==================================================
2021-11-27 12:12:44,727 INFO:  Finish the PolicySpace Analysis.
2021-11-27 12:13:04,731 INFO:  We have 2685/4653 for the rule .\pc_plat\rule_trace\rules\origin\fw1_5K
2021-11-27 12:13:04,733 INFO:  The time runs for 20.144016981124878s
2021-11-27 12:13:04,957 INFO:  ==================================================
2021-11-27 12:13:04,982 INFO:  Finish the PolicySpace Analysis.
2021-11-27 12:13:06,178 INFO:  We have 441/1550 for the rule .\pc_plat\rule_trace\rules\origin\ipc1
2021-11-27 12:13:06,179 INFO:  The time runs for 1.2210001945495605s
2021-11-27 12:13:06,199 INFO:  ==================================================
2021-11-27 12:13:06,203 INFO:  Finish the PolicySpace Analysis.
2021-11-27 12:13:06,212 INFO:  We have 70/100 for the rule .\pc_plat\rule_trace\rules\origin\ipc1_100
2021-11-27 12:13:06,213 INFO:  The time runs for 0.012997150421142578s
2021-11-27 12:13:07,682 INFO:  ==================================================
2021-11-27 12:13:07,944 INFO:  Finish the PolicySpace Analysis.
2021-11-27 12:14:24,874 INFO:  We have 5658/9037 for the rule .\pc_plat\rule_trace\rules\origin\ipc1_10K
2021-11-27 12:14:24,876 INFO:  The time runs for 77.19201564788818s
2021-11-27 12:14:25,019 INFO:  ==================================================
2021-11-27 12:14:25,040 INFO:  Finish the PolicySpace Analysis.
2021-11-27 12:14:25,985 INFO:  We have 619/938 for the rule .\pc_plat\rule_trace\rules\origin\ipc1_1K
2021-11-27 12:14:25,986 INFO:  The time runs for 0.965998649597168s
2021-11-27 12:14:26,837 INFO:  ==================================================
2021-11-27 12:14:27,000 INFO:  Finish the PolicySpace Analysis.
2021-11-27 12:14:48,015 INFO:  We have 2643/4460 for the rule .\pc_plat\rule_trace\rules\origin\ipc1_5K
2021-11-27 12:14:48,016 INFO:  The time runs for 21.178004503250122s
2021-11-27 17:45:09,816 INFO:  ==================================================
2021-11-27 17:45:09,834 INFO:  Finish the PolicySpace Analysis.
2021-11-27 17:45:10,216 INFO:  We have 432/753 for the rule .\pc_plat\rule_trace\rules\origin\acl1
2021-11-27 17:45:10,217 INFO:  The time runs for 0.40000057220458984s
2021-11-27 17:45:10,233 INFO:  ==================================================
